[2023-12-01 T 13:07:20 Z] [org.hibernate.validator.internal.util.Version] [background-preinit] [21] [INFO ] HV000001: Hibernate Validator 8.0.0.Final
[2023-12-01 T 13:07:20 Z] [org.springframework.boot.StartupInfoLogger] [restartedMain] [51] [INFO ] Starting RebillingApplication using Java 18.0.2 with PID 14600 (D:\Re-Billing-V2\target\classes started by Dell in D:\Re-Billing-V2)
[2023-12-01 T 13:07:20 Z] [org.springframework.boot.SpringApplication] [restartedMain] [634] [INFO ] No active profile set, falling back to 1 default profile: "default"
[2023-12-01 T 13:07:21 Z] [org.springframework.boot.logging.DeferredLog] [restartedMain] [250] [INFO ] Devtools property defaults active! Set 'spring.devtools.add-properties' to 'false' to disable
[2023-12-01 T 13:07:21 Z] [org.springframework.boot.logging.DeferredLog] [restartedMain] [250] [INFO ] For additional web related logging consider setting the 'logging.level.web' property to 'DEBUG'
[2023-12-01 T 13:07:32 Z] [org.springframework.data.repository.config.RepositoryConfigurationDelegate] [restartedMain] [138] [INFO ] Bootstrapping Spring Data JPA repositories in DEFAULT mode.
[2023-12-01 T 13:07:32 Z] [org.springframework.data.repository.config.RepositoryConfigurationDelegate] [restartedMain] [208] [INFO ] Finished Spring Data repository scanning in 389 ms. Found 26 JPA repository interfaces.
[2023-12-01 T 13:07:44 Z] [org.springframework.boot.web.embedded.tomcat.TomcatWebServer] [restartedMain] [108] [INFO ] Tomcat initialized with port(s): 8081 (http)
[2023-12-01 T 13:07:45 Z] [org.apache.juli.logging.DirectJDKLog] [restartedMain] [173] [INFO ] Initializing ProtocolHandler ["http-nio-8081"]
[2023-12-01 T 13:07:45 Z] [org.apache.juli.logging.DirectJDKLog] [restartedMain] [173] [INFO ] Starting service [Tomcat]
[2023-12-01 T 13:07:45 Z] [org.apache.juli.logging.DirectJDKLog] [restartedMain] [173] [INFO ] Starting Servlet engine: [Apache Tomcat/10.1.10]
[2023-12-01 T 13:07:46 Z] [org.apache.juli.logging.DirectJDKLog] [restartedMain] [173] [INFO ] Initializing Spring embedded WebApplicationContext
[2023-12-01 T 13:07:46 Z] [org.springframework.boot.web.servlet.context.ServletWebServerApplicationContext] [restartedMain] [291] [INFO ] Root WebApplicationContext: initialization completed in 25457 ms
[2023-12-01 T 13:07:50 Z] [org.hibernate.jpa.internal.util.LogHelper] [restartedMain] [31] [INFO ] HHH000204: Processing PersistenceUnitInfo [name: default]
[2023-12-01 T 13:07:53 Z] [org.hibernate.Version] [restartedMain] [44] [INFO ] HHH000412: Hibernate ORM core version 6.2.5.Final
[2023-12-01 T 13:07:53 Z] [org.hibernate.cfg.Environment] [restartedMain] [191] [INFO ] HHH000406: Using bytecode reflection optimizer
[2023-12-01 T 13:07:56 Z] [org.hibernate.bytecode.internal.BytecodeProviderInitiator] [restartedMain] [53] [INFO ] HHH000021: Bytecode provider name : bytebuddy
[2023-12-01 T 13:07:59 Z] [org.springframework.orm.jpa.persistenceunit.SpringPersistenceUnitInfo] [restartedMain] [87] [INFO ] No LoadTimeWeaver setup: ignoring JPA class transformer
[2023-12-01 T 13:08:00 Z] [com.zaxxer.hikari.HikariDataSource] [restartedMain] [110] [INFO ] HikariPool-1 - Starting...
[2023-12-01 T 13:08:02 Z] [com.zaxxer.hikari.pool.HikariPool] [restartedMain] [565] [INFO ] HikariPool-1 - Added connection org.postgresql.jdbc.PgConnection@13549f4d
[2023-12-01 T 13:08:02 Z] [com.zaxxer.hikari.HikariDataSource] [restartedMain] [123] [INFO ] HikariPool-1 - Start completed.
[2023-12-01 T 13:08:06 Z] [org.hibernate.bytecode.internal.BytecodeProviderInitiator] [restartedMain] [53] [INFO ] HHH000021: Bytecode provider name : bytebuddy
[2023-12-01 T 13:08:16 Z] [org.hibernate.engine.transaction.jta.platform.internal.JtaPlatformInitiator] [restartedMain] [51] [INFO ] HHH000490: Using JtaPlatform implementation: [org.hibernate.engine.transaction.jta.platform.internal.NoJtaPlatform]
[2023-12-01 T 13:08:16 Z] [org.springframework.orm.jpa.AbstractEntityManagerFactoryBean] [restartedMain] [437] [INFO ] Initialized JPA EntityManagerFactory for persistence unit 'default'
[2023-12-01 T 13:08:18 Z] [org.springframework.data.jpa.repository.query.QueryEnhancerFactory] [restartedMain] [47] [INFO ] Hibernate is in classpath; If applicable, HQL parser will be used.
[2023-12-01 T 13:08:22 Z] [org.springframework.boot.autoconfigure.orm.jpa.JpaBaseConfiguration$JpaWebConfiguration] [restartedMain] [231] [WARN ] spring.jpa.open-in-view is enabled by default. Therefore, database queries may be performed during view rendering. Explicitly configure spring.jpa.open-in-view to disable this warning
[2023-12-01 T 13:08:23 Z] [org.springframework.security.web.DefaultSecurityFilterChain] [restartedMain] [54] [INFO ] Will secure any request with [org.springframework.security.web.session.DisableEncodeUrlFilter@1c5fc23d, org.springframework.security.web.context.request.async.WebAsyncManagerIntegrationFilter@7a0734df, org.springframework.security.web.context.SecurityContextHolderFilter@474ae31b, org.springframework.security.web.header.HeaderWriterFilter@d23274d, org.springframework.security.web.authentication.logout.LogoutFilter@7059879f, in.co.mpwin.rebilling.jwt.security.JwtAuthenticationFilter@5218e0dd, org.springframework.security.web.savedrequest.RequestCacheAwareFilter@1d879801, org.springframework.security.web.servletapi.SecurityContextHolderAwareRequestFilter@64c661f0, org.springframework.security.web.authentication.AnonymousAuthenticationFilter@27cc0b76, org.springframework.security.web.session.SessionManagementFilter@1f432ed6, org.springframework.security.web.access.ExceptionTranslationFilter@31a615af, org.springframework.security.web.access.intercept.AuthorizationFilter@58e7cb32]
[2023-12-01 T 13:08:23 Z] [org.springframework.boot.devtools.autoconfigure.OptionalLiveReloadServer] [restartedMain] [59] [INFO ] LiveReload server is running on port 35729
[2023-12-01 T 13:08:23 Z] [org.apache.juli.logging.DirectJDKLog] [restartedMain] [173] [INFO ] Starting ProtocolHandler ["http-nio-8081"]
[2023-12-01 T 13:08:23 Z] [org.springframework.boot.web.embedded.tomcat.TomcatWebServer] [restartedMain] [220] [INFO ] Tomcat started on port(s): 8081 (http) with context path '/rebilling'
[2023-12-01 T 13:08:23 Z] [org.springframework.boot.StartupInfoLogger] [restartedMain] [57] [INFO ] Started RebillingApplication in 66.648 seconds (process running for 73.512)
[2023-12-01 T 13:08:23 Z] [in.co.mpwin.rebilling.RebillingApplication] [restartedMain] [29] [INFO ] Project REBilling have been started
[2023-12-01 T 13:11:51 Z] [org.apache.juli.logging.DirectJDKLog] [http-nio-8081-exec-1] [173] [INFO ] Initializing Spring DispatcherServlet 'dispatcherServlet'
[2023-12-01 T 13:11:51 Z] [org.springframework.web.servlet.FrameworkServlet] [http-nio-8081-exec-1] [532] [INFO ] Initializing Servlet 'dispatcherServlet'
[2023-12-01 T 13:11:51 Z] [org.springframework.web.servlet.FrameworkServlet] [http-nio-8081-exec-1] [554] [INFO ] Completed initialization in 2 ms
[2023-12-01 T 13:11:51 Z] [in.co.mpwin.rebilling.jwt.controller.AuthController] [http-nio-8081-exec-1] [30] [INFO ] login() : called. with request body of login dto: in.co.mpwin.rebilling.jwt.payload.LoginDto@7d12e6bf
[2023-12-01 T 13:11:52 Z] [in.co.mpwin.rebilling.jwt.controller.AuthController] [http-nio-8081-exec-1] [39] [INFO ] login() : return. login success response..
[2023-12-01 T 13:12:25 Z] [in.co.mpwin.rebilling.controller.thirdparty.ThirdPartyController] [http-nio-8081-exec-3] [58] [INFO ] getThirdPartyBeans() : called.
[2023-12-01 T 13:12:25 Z] [in.co.mpwin.rebilling.services.thirdparty.ThirdPartyService] [http-nio-8081-exec-3] [78] [INFO ] getThirdPartyBeans() : called with parameters empty
[2023-12-01 T 13:12:25 Z] [in.co.mpwin.rebilling.services.thirdparty.ThirdPartyService] [http-nio-8081-exec-3] [83] [INFO ] getThirdPartyBeans() :  return with ThirdPartyBean list of size : 11
[2023-12-01 T 13:12:25 Z] [in.co.mpwin.rebilling.controller.thirdparty.ThirdPartyController] [http-nio-8081-exec-3] [63] [INFO ] getThirdPartyBeans() : return thirdparty successfully of size : 11 
[2023-12-01 T 13:17:11 Z] [in.co.mpwin.rebilling.controller.thirdparty.ThirdPartyController] [http-nio-8081-exec-6] [33] [INFO ] saveThirdPartyBean() : called. ThirdPartyBean: ThirdPartyBean(id=0, consumerCode=003, consumerName=WITHOUTNAME, consumerAddress=NA, contractDemand=1, tariffCategory=HV3.1.A 33 KV Industrial, supplyVoltage=33KV, typeOfCategory=CAPTIVE, region=UJJAIN, circle=UJJAIN (ONM), division=TARANA (ONM), developerId=7, developerName= Vivaan Solar Pvt Ltd, plantCode=PC002, plantName=VIVANXB564507	, plantCapacity=null, investorCode=IC010, investorName= Manas Power AND Infrastructure, siteLocation= Ujaas energy Limited DHABLA SONDHIATEH. BAROD DIST.AGAR M.P., mainMeterNo=XB564507, checkMeterNo=XB564506, standbyMeterNo=NA, mfpId=111, feederNumber=IF106, feederInjectingSubstationName= 132 KV SUBSTATION DELCHI(MAKDON), feederCircuitVoltage=33 KV, developerDiscomName=MPMKVVCL(CENTRAL), commissionDate=Sat May 30 00:00:00 IST 2015, ppwaDate=Mon Mar 30 00:00:00 IST 2015, sanctionDate=Mon Mar 30 00:00:00 IST 2015, periodOfPpwa=25, adjustmentUnitPercent=40.00, thirdPartyCommissionDate=Fri Dec 01 00:00:00 IST 2023, userid=HTCELL, createdBy=null, updatedBy=null, updatedOn=null, createdOn=null, status=null, remark=null) 
[2023-12-01 T 13:17:11 Z] [in.co.mpwin.rebilling.services.thirdparty.ThirdPartyService] [http-nio-8081-exec-6] [56] [INFO ] saveThirdPartyBean() : called with parameters tpBean=ThirdPartyBean(id=0, consumerCode=003, consumerName=WITHOUTNAME, consumerAddress=NA, contractDemand=1, tariffCategory=HV3.1.A 33 KV Industrial, supplyVoltage=33KV, typeOfCategory=CAPTIVE, region=UJJAIN, circle=UJJAIN (ONM), division=TARANA (ONM), developerId=7, developerName= Vivaan Solar Pvt Ltd, plantCode=PC002, plantName=VIVANXB564507	, plantCapacity=null, investorCode=IC010, investorName= Manas Power AND Infrastructure, siteLocation= Ujaas energy Limited DHABLA SONDHIATEH. BAROD DIST.AGAR M.P., mainMeterNo=XB564507, checkMeterNo=XB564506, standbyMeterNo=NA, mfpId=111, feederNumber=IF106, feederInjectingSubstationName= 132 KV SUBSTATION DELCHI(MAKDON), feederCircuitVoltage=33 KV, developerDiscomName=MPMKVVCL(CENTRAL), commissionDate=Sat May 30 00:00:00 IST 2015, ppwaDate=Mon Mar 30 00:00:00 IST 2015, sanctionDate=Mon Mar 30 00:00:00 IST 2015, periodOfPpwa=25, adjustmentUnitPercent=40.00, thirdPartyCommissionDate=Fri Dec 01 00:00:00 IST 2023, userid=HTCELL, createdBy=null, updatedBy=null, updatedOn=null, createdOn=null, status=null, remark=null)
[2023-12-01 T 13:17:11 Z] [in.co.mpwin.rebilling.services.thirdparty.ThirdPartyService] [http-nio-8081-exec-6] [62] [INFO ] saveThirdPartyBean() :  return with parameter saveBean : ThirdPartyBean(id=22, consumerCode=003, consumerName=WITHOUTNAME, consumerAddress=NA, contractDemand=1, tariffCategory=HV3.1.A 33 KV Industrial, supplyVoltage=33KV, typeOfCategory=CAPTIVE, region=UJJAIN, circle=UJJAIN (ONM), division=TARANA (ONM), developerId=7, developerName= Vivaan Solar Pvt Ltd, plantCode=PC002, plantName=VIVANXB564507	, plantCapacity=null, investorCode=IC010, investorName= Manas Power AND Infrastructure, siteLocation= Ujaas energy Limited DHABLA SONDHIATEH. BAROD DIST.AGAR M.P., mainMeterNo=XB564507, checkMeterNo=XB564506, standbyMeterNo=NA, mfpId=111, feederNumber=IF106, feederInjectingSubstationName= 132 KV SUBSTATION DELCHI(MAKDON), feederCircuitVoltage=33 KV, developerDiscomName=MPMKVVCL(CENTRAL), commissionDate=Sat May 30 00:00:00 IST 2015, ppwaDate=Mon Mar 30 00:00:00 IST 2015, sanctionDate=Mon Mar 30 00:00:00 IST 2015, periodOfPpwa=25, adjustmentUnitPercent=40.00, thirdPartyCommissionDate=Fri Dec 01 00:00:00 IST 2023, userid=HTCELL, createdBy=HTCELL, updatedBy=HTCELL, updatedOn=2023-12-01 13:17:11.775, createdOn=2023-12-01 13:17:11.775, status=active, remark=NA)
[2023-12-01 T 13:17:11 Z] [in.co.mpwin.rebilling.controller.thirdparty.ThirdPartyController] [http-nio-8081-exec-6] [39] [INFO ] saveThirdPartyBean() : return. ThirdPartyBean saved successfully : ThirdPartyBean(id=22, consumerCode=003, consumerName=WITHOUTNAME, consumerAddress=NA, contractDemand=1, tariffCategory=HV3.1.A 33 KV Industrial, supplyVoltage=33KV, typeOfCategory=CAPTIVE, region=UJJAIN, circle=UJJAIN (ONM), division=TARANA (ONM), developerId=7, developerName= Vivaan Solar Pvt Ltd, plantCode=PC002, plantName=VIVANXB564507	, plantCapacity=null, investorCode=IC010, investorName= Manas Power AND Infrastructure, siteLocation= Ujaas energy Limited DHABLA SONDHIATEH. BAROD DIST.AGAR M.P., mainMeterNo=XB564507, checkMeterNo=XB564506, standbyMeterNo=NA, mfpId=111, feederNumber=IF106, feederInjectingSubstationName= 132 KV SUBSTATION DELCHI(MAKDON), feederCircuitVoltage=33 KV, developerDiscomName=MPMKVVCL(CENTRAL), commissionDate=Sat May 30 00:00:00 IST 2015, ppwaDate=Mon Mar 30 00:00:00 IST 2015, sanctionDate=Mon Mar 30 00:00:00 IST 2015, periodOfPpwa=25, adjustmentUnitPercent=40.00, thirdPartyCommissionDate=Fri Dec 01 00:00:00 IST 2023, userid=HTCELL, createdBy=HTCELL, updatedBy=HTCELL, updatedOn=2023-12-01 13:17:11.775, createdOn=2023-12-01 13:17:11.775, status=active, remark=NA) 
[2023-12-01 T 17:06:11 Z] [org.springframework.orm.jpa.AbstractEntityManagerFactoryBean] [SpringApplicationShutdownHook] [650] [INFO ] Closing JPA EntityManagerFactory for persistence unit 'default'
[2023-12-01 T 17:06:11 Z] [com.zaxxer.hikari.HikariDataSource] [SpringApplicationShutdownHook] [350] [INFO ] HikariPool-1 - Shutdown initiated...
[2023-12-01 T 17:06:11 Z] [com.zaxxer.hikari.HikariDataSource] [SpringApplicationShutdownHook] [352] [INFO ] HikariPool-1 - Shutdown completed.
[2023-12-01 T 17:06:24 Z] [org.hibernate.validator.internal.util.Version] [background-preinit] [21] [INFO ] HV000001: Hibernate Validator 8.0.0.Final
[2023-12-01 T 17:06:25 Z] [org.springframework.boot.StartupInfoLogger] [restartedMain] [51] [INFO ] Starting RebillingApplication using Java 18.0.2 with PID 10664 (D:\Re-Billing-V2\target\classes started by Dell in D:\Re-Billing-V2)
[2023-12-01 T 17:06:25 Z] [org.springframework.boot.SpringApplication] [restartedMain] [634] [INFO ] No active profile set, falling back to 1 default profile: "default"
[2023-12-01 T 17:06:25 Z] [org.springframework.boot.logging.DeferredLog] [restartedMain] [250] [INFO ] Devtools property defaults active! Set 'spring.devtools.add-properties' to 'false' to disable
[2023-12-01 T 17:06:25 Z] [org.springframework.boot.logging.DeferredLog] [restartedMain] [250] [INFO ] For additional web related logging consider setting the 'logging.level.web' property to 'DEBUG'
[2023-12-01 T 17:06:28 Z] [org.springframework.data.repository.config.RepositoryConfigurationDelegate] [restartedMain] [138] [INFO ] Bootstrapping Spring Data JPA repositories in DEFAULT mode.
[2023-12-01 T 17:06:28 Z] [org.springframework.data.repository.config.RepositoryConfigurationDelegate] [restartedMain] [208] [INFO ] Finished Spring Data repository scanning in 369 ms. Found 26 JPA repository interfaces.
[2023-12-01 T 17:06:31 Z] [org.springframework.boot.web.embedded.tomcat.TomcatWebServer] [restartedMain] [108] [INFO ] Tomcat initialized with port(s): 8081 (http)
[2023-12-01 T 17:06:31 Z] [org.apache.juli.logging.DirectJDKLog] [restartedMain] [173] [INFO ] Initializing ProtocolHandler ["http-nio-8081"]
[2023-12-01 T 17:06:31 Z] [org.apache.juli.logging.DirectJDKLog] [restartedMain] [173] [INFO ] Starting service [Tomcat]
[2023-12-01 T 17:06:31 Z] [org.apache.juli.logging.DirectJDKLog] [restartedMain] [173] [INFO ] Starting Servlet engine: [Apache Tomcat/10.1.10]
[2023-12-01 T 17:06:31 Z] [org.apache.juli.logging.DirectJDKLog] [restartedMain] [173] [INFO ] Initializing Spring embedded WebApplicationContext
[2023-12-01 T 17:06:31 Z] [org.springframework.boot.web.servlet.context.ServletWebServerApplicationContext] [restartedMain] [291] [INFO ] Root WebApplicationContext: initialization completed in 6204 ms
[2023-12-01 T 17:06:32 Z] [org.hibernate.jpa.internal.util.LogHelper] [restartedMain] [31] [INFO ] HHH000204: Processing PersistenceUnitInfo [name: default]
[2023-12-01 T 17:06:32 Z] [org.hibernate.Version] [restartedMain] [44] [INFO ] HHH000412: Hibernate ORM core version 6.2.5.Final
[2023-12-01 T 17:06:32 Z] [org.hibernate.cfg.Environment] [restartedMain] [191] [INFO ] HHH000406: Using bytecode reflection optimizer
[2023-12-01 T 17:06:32 Z] [org.hibernate.bytecode.internal.BytecodeProviderInitiator] [restartedMain] [53] [INFO ] HHH000021: Bytecode provider name : bytebuddy
[2023-12-01 T 17:06:33 Z] [org.springframework.orm.jpa.persistenceunit.SpringPersistenceUnitInfo] [restartedMain] [87] [INFO ] No LoadTimeWeaver setup: ignoring JPA class transformer
[2023-12-01 T 17:06:33 Z] [com.zaxxer.hikari.HikariDataSource] [restartedMain] [110] [INFO ] HikariPool-1 - Starting...
[2023-12-01 T 17:06:33 Z] [com.zaxxer.hikari.pool.HikariPool] [restartedMain] [565] [INFO ] HikariPool-1 - Added connection org.postgresql.jdbc.PgConnection@6944ae9f
[2023-12-01 T 17:06:33 Z] [com.zaxxer.hikari.HikariDataSource] [restartedMain] [123] [INFO ] HikariPool-1 - Start completed.
[2023-12-01 T 17:06:35 Z] [org.hibernate.bytecode.internal.BytecodeProviderInitiator] [restartedMain] [53] [INFO ] HHH000021: Bytecode provider name : bytebuddy
[2023-12-01 T 17:06:38 Z] [org.hibernate.engine.transaction.jta.platform.internal.JtaPlatformInitiator] [restartedMain] [51] [INFO ] HHH000490: Using JtaPlatform implementation: [org.hibernate.engine.transaction.jta.platform.internal.NoJtaPlatform]
[2023-12-01 T 17:06:38 Z] [org.springframework.orm.jpa.AbstractEntityManagerFactoryBean] [restartedMain] [437] [INFO ] Initialized JPA EntityManagerFactory for persistence unit 'default'
[2023-12-01 T 17:06:40 Z] [org.springframework.data.jpa.repository.query.QueryEnhancerFactory] [restartedMain] [47] [INFO ] Hibernate is in classpath; If applicable, HQL parser will be used.
[2023-12-01 T 17:06:42 Z] [org.springframework.boot.autoconfigure.orm.jpa.JpaBaseConfiguration$JpaWebConfiguration] [restartedMain] [231] [WARN ] spring.jpa.open-in-view is enabled by default. Therefore, database queries may be performed during view rendering. Explicitly configure spring.jpa.open-in-view to disable this warning
[2023-12-01 T 17:06:43 Z] [org.springframework.security.web.DefaultSecurityFilterChain] [restartedMain] [54] [INFO ] Will secure any request with [org.springframework.security.web.session.DisableEncodeUrlFilter@7f36369, org.springframework.security.web.context.request.async.WebAsyncManagerIntegrationFilter@546548dc, org.springframework.security.web.context.SecurityContextHolderFilter@2af589c8, org.springframework.security.web.header.HeaderWriterFilter@78989470, org.springframework.security.web.authentication.logout.LogoutFilter@703d666e, in.co.mpwin.rebilling.jwt.security.JwtAuthenticationFilter@20c58bfe, org.springframework.security.web.savedrequest.RequestCacheAwareFilter@7e1fa247, org.springframework.security.web.servletapi.SecurityContextHolderAwareRequestFilter@18d9bc22, org.springframework.security.web.authentication.AnonymousAuthenticationFilter@41709b49, org.springframework.security.web.session.SessionManagementFilter@2a444f4c, org.springframework.security.web.access.ExceptionTranslationFilter@2b72252f, org.springframework.security.web.access.intercept.AuthorizationFilter@75f4d635]
[2023-12-01 T 17:06:43 Z] [org.springframework.boot.devtools.autoconfigure.OptionalLiveReloadServer] [restartedMain] [59] [INFO ] LiveReload server is running on port 35729
[2023-12-01 T 17:06:43 Z] [org.apache.juli.logging.DirectJDKLog] [restartedMain] [173] [INFO ] Starting ProtocolHandler ["http-nio-8081"]
[2023-12-01 T 17:06:43 Z] [org.springframework.boot.web.embedded.tomcat.TomcatWebServer] [restartedMain] [220] [INFO ] Tomcat started on port(s): 8081 (http) with context path '/rebilling'
[2023-12-01 T 17:06:43 Z] [org.springframework.boot.StartupInfoLogger] [restartedMain] [57] [INFO ] Started RebillingApplication in 19.265 seconds (process running for 21.494)
[2023-12-01 T 17:06:43 Z] [in.co.mpwin.rebilling.RebillingApplication] [restartedMain] [29] [INFO ] Project REBilling have been started
[2023-12-01 T 17:53:17 Z] [org.springframework.orm.jpa.AbstractEntityManagerFactoryBean] [SpringApplicationShutdownHook] [650] [INFO ] Closing JPA EntityManagerFactory for persistence unit 'default'
[2023-12-01 T 17:53:17 Z] [com.zaxxer.hikari.HikariDataSource] [SpringApplicationShutdownHook] [350] [INFO ] HikariPool-1 - Shutdown initiated...
[2023-12-01 T 17:53:17 Z] [com.zaxxer.hikari.HikariDataSource] [SpringApplicationShutdownHook] [352] [INFO ] HikariPool-1 - Shutdown completed.
