[2023-11-23 T 14:54:32 Z] [org.hibernate.validator.internal.util.Version] [background-preinit] [21] [INFO ] HV000001: Hibernate Validator 8.0.0.Final
[2023-11-23 T 14:54:32 Z] [org.springframework.boot.StartupInfoLogger] [restartedMain] [51] [INFO ] Starting RebillingApplication using Java 17.0.6 with PID 9644 (C:\Users\HP\IdeaProjects\RE-Billing\target\classes started by HP in C:\Users\HP\IdeaProjects\RE-Billing)
[2023-11-23 T 14:54:32 Z] [org.springframework.boot.SpringApplication] [restartedMain] [634] [INFO ] No active profile set, falling back to 1 default profile: "default"
[2023-11-23 T 14:54:32 Z] [org.springframework.boot.logging.DeferredLog] [restartedMain] [250] [INFO ] Devtools property defaults active! Set 'spring.devtools.add-properties' to 'false' to disable
[2023-11-23 T 14:54:32 Z] [org.springframework.boot.logging.DeferredLog] [restartedMain] [250] [INFO ] For additional web related logging consider setting the 'logging.level.web' property to 'DEBUG'
[2023-11-23 T 14:54:37 Z] [org.springframework.data.repository.config.RepositoryConfigurationDelegate] [restartedMain] [138] [INFO ] Bootstrapping Spring Data JPA repositories in DEFAULT mode.
[2023-11-23 T 14:54:37 Z] [org.springframework.data.repository.config.RepositoryConfigurationDelegate] [restartedMain] [208] [INFO ] Finished Spring Data repository scanning in 365 ms. Found 26 JPA repository interfaces.
[2023-11-23 T 14:54:39 Z] [org.springframework.boot.web.embedded.tomcat.TomcatWebServer] [restartedMain] [108] [INFO ] Tomcat initialized with port(s): 8081 (http)
[2023-11-23 T 14:54:39 Z] [org.apache.juli.logging.DirectJDKLog] [restartedMain] [173] [INFO ] Initializing ProtocolHandler ["http-nio-8081"]
[2023-11-23 T 14:54:39 Z] [org.apache.juli.logging.DirectJDKLog] [restartedMain] [173] [INFO ] Starting service [Tomcat]
[2023-11-23 T 14:54:39 Z] [org.apache.juli.logging.DirectJDKLog] [restartedMain] [173] [INFO ] Starting Servlet engine: [Apache Tomcat/10.1.10]
[2023-11-23 T 14:54:39 Z] [org.apache.juli.logging.DirectJDKLog] [restartedMain] [173] [INFO ] Initializing Spring embedded WebApplicationContext
[2023-11-23 T 14:54:39 Z] [org.springframework.boot.web.servlet.context.ServletWebServerApplicationContext] [restartedMain] [291] [INFO ] Root WebApplicationContext: initialization completed in 6235 ms
[2023-11-23 T 14:54:39 Z] [org.hibernate.jpa.internal.util.LogHelper] [restartedMain] [31] [INFO ] HHH000204: Processing PersistenceUnitInfo [name: default]
[2023-11-23 T 14:54:39 Z] [org.hibernate.Version] [restartedMain] [44] [INFO ] HHH000412: Hibernate ORM core version 6.2.5.Final
[2023-11-23 T 14:54:39 Z] [org.hibernate.cfg.Environment] [restartedMain] [191] [INFO ] HHH000406: Using bytecode reflection optimizer
[2023-11-23 T 14:54:40 Z] [org.hibernate.bytecode.internal.BytecodeProviderInitiator] [restartedMain] [53] [INFO ] HHH000021: Bytecode provider name : bytebuddy
[2023-11-23 T 14:54:40 Z] [org.springframework.orm.jpa.persistenceunit.SpringPersistenceUnitInfo] [restartedMain] [87] [INFO ] No LoadTimeWeaver setup: ignoring JPA class transformer
[2023-11-23 T 14:54:40 Z] [com.zaxxer.hikari.HikariDataSource] [restartedMain] [110] [INFO ] HikariPool-1 - Starting...
[2023-11-23 T 14:54:40 Z] [com.zaxxer.hikari.pool.HikariPool] [restartedMain] [565] [INFO ] HikariPool-1 - Added connection org.postgresql.jdbc.PgConnection@5b13c236
[2023-11-23 T 14:54:40 Z] [com.zaxxer.hikari.HikariDataSource] [restartedMain] [123] [INFO ] HikariPool-1 - Start completed.
[2023-11-23 T 14:54:41 Z] [org.hibernate.bytecode.internal.BytecodeProviderInitiator] [restartedMain] [53] [INFO ] HHH000021: Bytecode provider name : bytebuddy
[2023-11-23 T 14:54:46 Z] [org.hibernate.engine.transaction.jta.platform.internal.JtaPlatformInitiator] [restartedMain] [51] [INFO ] HHH000490: Using JtaPlatform implementation: [org.hibernate.engine.transaction.jta.platform.internal.NoJtaPlatform]
[2023-11-23 T 14:54:46 Z] [org.springframework.orm.jpa.AbstractEntityManagerFactoryBean] [restartedMain] [437] [INFO ] Initialized JPA EntityManagerFactory for persistence unit 'default'
[2023-11-23 T 14:54:48 Z] [org.springframework.data.jpa.repository.query.QueryEnhancerFactory] [restartedMain] [47] [INFO ] Hibernate is in classpath; If applicable, HQL parser will be used.
[2023-11-23 T 14:54:50 Z] [org.springframework.boot.autoconfigure.orm.jpa.JpaBaseConfiguration$JpaWebConfiguration] [restartedMain] [231] [WARN ] spring.jpa.open-in-view is enabled by default. Therefore, database queries may be performed during view rendering. Explicitly configure spring.jpa.open-in-view to disable this warning
[2023-11-23 T 14:54:50 Z] [org.springframework.security.web.DefaultSecurityFilterChain] [restartedMain] [54] [INFO ] Will secure any request with [org.springframework.security.web.session.DisableEncodeUrlFilter@237a2b17, org.springframework.security.web.context.request.async.WebAsyncManagerIntegrationFilter@7e06299a, org.springframework.security.web.context.SecurityContextHolderFilter@2bc64ccd, org.springframework.security.web.header.HeaderWriterFilter@4aba621b, org.springframework.security.web.authentication.logout.LogoutFilter@40b7a1fc, in.co.mpwin.rebilling.jwt.security.JwtAuthenticationFilter@3bb58bc9, org.springframework.security.web.savedrequest.RequestCacheAwareFilter@74ab86d0, org.springframework.security.web.servletapi.SecurityContextHolderAwareRequestFilter@99d664b, org.springframework.security.web.authentication.AnonymousAuthenticationFilter@15a1e4e7, org.springframework.security.web.session.SessionManagementFilter@2bda559b, org.springframework.security.web.access.ExceptionTranslationFilter@9922926, org.springframework.security.web.access.intercept.AuthorizationFilter@255f0fc5]
[2023-11-23 T 14:54:51 Z] [org.springframework.boot.devtools.autoconfigure.OptionalLiveReloadServer] [restartedMain] [59] [INFO ] LiveReload server is running on port 35729
[2023-11-23 T 14:54:51 Z] [org.apache.juli.logging.DirectJDKLog] [restartedMain] [173] [INFO ] Starting ProtocolHandler ["http-nio-8081"]
[2023-11-23 T 14:54:51 Z] [org.springframework.boot.web.embedded.tomcat.TomcatWebServer] [restartedMain] [220] [INFO ] Tomcat started on port(s): 8081 (http) with context path '/rebilling'
[2023-11-23 T 14:54:51 Z] [org.springframework.boot.StartupInfoLogger] [restartedMain] [57] [INFO ] Started RebillingApplication in 19.206 seconds (process running for 21.188)
[2023-11-23 T 14:54:51 Z] [in.co.mpwin.rebilling.RebillingApplication] [restartedMain] [29] [INFO ] Project REBilling have been started
[2023-11-23 T 15:02:37 Z] [org.apache.juli.logging.DirectJDKLog] [http-nio-8081-exec-1] [173] [INFO ] Initializing Spring DispatcherServlet 'dispatcherServlet'
[2023-11-23 T 15:02:37 Z] [org.springframework.web.servlet.FrameworkServlet] [http-nio-8081-exec-1] [532] [INFO ] Initializing Servlet 'dispatcherServlet'
[2023-11-23 T 15:02:37 Z] [org.springframework.web.servlet.FrameworkServlet] [http-nio-8081-exec-1] [554] [INFO ] Completed initialization in 3 ms
[2023-11-23 T 18:21:04 Z] [in.co.mpwin.rebilling.controller.developermaster.DeveloperMasterController] [http-nio-8081-exec-3] [30] [INFO ] getAllDeveloperMaster() : called. with parameters empty: 
[2023-11-23 T 18:21:04 Z] [in.co.mpwin.rebilling.controller.developermaster.DeveloperMasterController] [http-nio-8081-exec-3] [38] [INFO ] getAllDeveloperMaster() : return. developerMasterBeanList of size: 5 
[2023-11-23 T 18:21:05 Z] [in.co.mpwin.rebilling.controller.developermaster.DeveloperMasterController] [http-nio-8081-exec-6] [30] [INFO ] getAllDeveloperMaster() : called. with parameters empty: 
[2023-11-23 T 18:21:05 Z] [in.co.mpwin.rebilling.controller.developermaster.DeveloperMasterController] [http-nio-8081-exec-6] [38] [INFO ] getAllDeveloperMaster() : return. developerMasterBeanList of size: 5 
[2023-11-23 T 18:21:12 Z] [in.co.mpwin.rebilling.controller.developermaster.DeveloperMasterController] [http-nio-8081-exec-1] [30] [INFO ] getAllDeveloperMaster() : called. with parameters empty: 
[2023-11-23 T 18:21:12 Z] [in.co.mpwin.rebilling.controller.developermaster.DeveloperMasterController] [http-nio-8081-exec-1] [38] [INFO ] getAllDeveloperMaster() : return. developerMasterBeanList of size: 5 
[2023-11-23 T 18:31:14 Z] [org.springframework.orm.jpa.AbstractEntityManagerFactoryBean] [SpringApplicationShutdownHook] [650] [INFO ] Closing JPA EntityManagerFactory for persistence unit 'default'
[2023-11-23 T 18:31:14 Z] [com.zaxxer.hikari.HikariDataSource] [SpringApplicationShutdownHook] [350] [INFO ] HikariPool-1 - Shutdown initiated...
[2023-11-23 T 18:31:14 Z] [com.zaxxer.hikari.HikariDataSource] [SpringApplicationShutdownHook] [352] [INFO ] HikariPool-1 - Shutdown completed.
[2023-11-23 T 18:31:28 Z] [org.hibernate.validator.internal.util.Version] [background-preinit] [21] [INFO ] HV000001: Hibernate Validator 8.0.0.Final
[2023-11-23 T 18:31:28 Z] [org.springframework.boot.StartupInfoLogger] [restartedMain] [51] [INFO ] Starting RebillingApplication using Java 17.0.6 with PID 18344 (C:\Users\HP\IdeaProjects\RE-Billing\target\classes started by HP in C:\Users\HP\IdeaProjects\RE-Billing)
[2023-11-23 T 18:31:28 Z] [org.springframework.boot.SpringApplication] [restartedMain] [634] [INFO ] No active profile set, falling back to 1 default profile: "default"
[2023-11-23 T 18:31:29 Z] [org.springframework.boot.logging.DeferredLog] [restartedMain] [250] [INFO ] Devtools property defaults active! Set 'spring.devtools.add-properties' to 'false' to disable
[2023-11-23 T 18:31:29 Z] [org.springframework.boot.logging.DeferredLog] [restartedMain] [250] [INFO ] For additional web related logging consider setting the 'logging.level.web' property to 'DEBUG'
[2023-11-23 T 18:31:31 Z] [org.springframework.data.repository.config.RepositoryConfigurationDelegate] [restartedMain] [138] [INFO ] Bootstrapping Spring Data JPA repositories in DEFAULT mode.
[2023-11-23 T 18:31:32 Z] [org.springframework.data.repository.config.RepositoryConfigurationDelegate] [restartedMain] [208] [INFO ] Finished Spring Data repository scanning in 270 ms. Found 26 JPA repository interfaces.
[2023-11-23 T 18:31:33 Z] [org.springframework.boot.web.embedded.tomcat.TomcatWebServer] [restartedMain] [108] [INFO ] Tomcat initialized with port(s): 8081 (http)
[2023-11-23 T 18:31:33 Z] [org.apache.juli.logging.DirectJDKLog] [restartedMain] [173] [INFO ] Initializing ProtocolHandler ["http-nio-8081"]
[2023-11-23 T 18:31:33 Z] [org.apache.juli.logging.DirectJDKLog] [restartedMain] [173] [INFO ] Starting service [Tomcat]
[2023-11-23 T 18:31:33 Z] [org.apache.juli.logging.DirectJDKLog] [restartedMain] [173] [INFO ] Starting Servlet engine: [Apache Tomcat/10.1.10]
[2023-11-23 T 18:31:34 Z] [org.apache.juli.logging.DirectJDKLog] [restartedMain] [173] [INFO ] Initializing Spring embedded WebApplicationContext
[2023-11-23 T 18:31:34 Z] [org.springframework.boot.web.servlet.context.ServletWebServerApplicationContext] [restartedMain] [291] [INFO ] Root WebApplicationContext: initialization completed in 5039 ms
[2023-11-23 T 18:31:34 Z] [org.hibernate.jpa.internal.util.LogHelper] [restartedMain] [31] [INFO ] HHH000204: Processing PersistenceUnitInfo [name: default]
[2023-11-23 T 18:31:34 Z] [org.hibernate.Version] [restartedMain] [44] [INFO ] HHH000412: Hibernate ORM core version 6.2.5.Final
[2023-11-23 T 18:31:34 Z] [org.hibernate.cfg.Environment] [restartedMain] [191] [INFO ] HHH000406: Using bytecode reflection optimizer
[2023-11-23 T 18:31:35 Z] [org.hibernate.bytecode.internal.BytecodeProviderInitiator] [restartedMain] [53] [INFO ] HHH000021: Bytecode provider name : bytebuddy
[2023-11-23 T 18:31:35 Z] [org.springframework.orm.jpa.persistenceunit.SpringPersistenceUnitInfo] [restartedMain] [87] [INFO ] No LoadTimeWeaver setup: ignoring JPA class transformer
[2023-11-23 T 18:31:35 Z] [com.zaxxer.hikari.HikariDataSource] [restartedMain] [110] [INFO ] HikariPool-1 - Starting...
[2023-11-23 T 18:31:35 Z] [com.zaxxer.hikari.pool.HikariPool] [restartedMain] [565] [INFO ] HikariPool-1 - Added connection org.postgresql.jdbc.PgConnection@429b7c0f
[2023-11-23 T 18:31:35 Z] [com.zaxxer.hikari.HikariDataSource] [restartedMain] [123] [INFO ] HikariPool-1 - Start completed.
[2023-11-23 T 18:31:37 Z] [org.hibernate.bytecode.internal.BytecodeProviderInitiator] [restartedMain] [53] [INFO ] HHH000021: Bytecode provider name : bytebuddy
[2023-11-23 T 18:31:40 Z] [org.hibernate.engine.transaction.jta.platform.internal.JtaPlatformInitiator] [restartedMain] [51] [INFO ] HHH000490: Using JtaPlatform implementation: [org.hibernate.engine.transaction.jta.platform.internal.NoJtaPlatform]
[2023-11-23 T 18:31:40 Z] [org.springframework.orm.jpa.AbstractEntityManagerFactoryBean] [restartedMain] [437] [INFO ] Initialized JPA EntityManagerFactory for persistence unit 'default'
[2023-11-23 T 18:31:40 Z] [org.springframework.data.jpa.repository.query.QueryEnhancerFactory] [restartedMain] [47] [INFO ] Hibernate is in classpath; If applicable, HQL parser will be used.
[2023-11-23 T 18:31:43 Z] [org.springframework.boot.autoconfigure.orm.jpa.JpaBaseConfiguration$JpaWebConfiguration] [restartedMain] [231] [WARN ] spring.jpa.open-in-view is enabled by default. Therefore, database queries may be performed during view rendering. Explicitly configure spring.jpa.open-in-view to disable this warning
[2023-11-23 T 18:31:43 Z] [org.springframework.security.web.DefaultSecurityFilterChain] [restartedMain] [54] [INFO ] Will secure any request with [org.springframework.security.web.session.DisableEncodeUrlFilter@38fffe79, org.springframework.security.web.context.request.async.WebAsyncManagerIntegrationFilter@7d2dbf1, org.springframework.security.web.context.SecurityContextHolderFilter@1aad2dba, org.springframework.security.web.header.HeaderWriterFilter@2221f5a9, org.springframework.security.web.authentication.logout.LogoutFilter@46ca0bd6, in.co.mpwin.rebilling.jwt.security.JwtAuthenticationFilter@45042885, org.springframework.security.web.savedrequest.RequestCacheAwareFilter@c157096, org.springframework.security.web.servletapi.SecurityContextHolderAwareRequestFilter@20dc95a, org.springframework.security.web.authentication.AnonymousAuthenticationFilter@1c7d634e, org.springframework.security.web.session.SessionManagementFilter@31eeab42, org.springframework.security.web.access.ExceptionTranslationFilter@3772404, org.springframework.security.web.access.intercept.AuthorizationFilter@75708a7]
[2023-11-23 T 18:31:44 Z] [org.springframework.boot.devtools.autoconfigure.OptionalLiveReloadServer] [restartedMain] [59] [INFO ] LiveReload server is running on port 35729
[2023-11-23 T 18:31:44 Z] [org.apache.juli.logging.DirectJDKLog] [restartedMain] [173] [INFO ] Starting ProtocolHandler ["http-nio-8081"]
[2023-11-23 T 18:31:44 Z] [org.springframework.boot.web.embedded.tomcat.TomcatWebServer] [restartedMain] [220] [INFO ] Tomcat started on port(s): 8081 (http) with context path '/rebilling'
[2023-11-23 T 18:31:44 Z] [org.springframework.boot.StartupInfoLogger] [restartedMain] [57] [INFO ] Started RebillingApplication in 16.003 seconds (process running for 17.551)
[2023-11-23 T 18:31:44 Z] [in.co.mpwin.rebilling.RebillingApplication] [restartedMain] [29] [INFO ] Project REBilling have been started
[2023-11-23 T 18:31:54 Z] [org.apache.juli.logging.DirectJDKLog] [http-nio-8081-exec-2] [173] [INFO ] Initializing Spring DispatcherServlet 'dispatcherServlet'
[2023-11-23 T 18:31:54 Z] [org.springframework.web.servlet.FrameworkServlet] [http-nio-8081-exec-2] [532] [INFO ] Initializing Servlet 'dispatcherServlet'
[2023-11-23 T 18:31:54 Z] [org.springframework.web.servlet.FrameworkServlet] [http-nio-8081-exec-2] [554] [INFO ] Completed initialization in 3 ms
[2023-11-23 T 18:32:14 Z] [in.co.mpwin.rebilling.controller.invoicecontroller.InvoiceController] [http-nio-8081-exec-3] [58] [INFO ] generateInvoice() : called. with parameters investor: WI065, monthYear: Feb-2023
[2023-11-23 T 18:32:14 Z] [in.co.mpwin.rebilling.controller.invoicecontroller.InvoiceController] [http-nio-8081-exec-3] [71] [ERROR] generateInvoice() :  API Exception occurred: Investor WI065 invoice already generated for month Feb-2023 and invoice number is MPWZ-2023-WI065-002
[2023-11-23 T 18:32:55 Z] [in.co.mpwin.rebilling.controller.invoicecontroller.InvoiceController] [http-nio-8081-exec-5] [176] [INFO ] viewInvoicePpwa() : called. with parameters invoiceNumber: MPWZ-2023-WI065-002
[2023-11-23 T 18:32:55 Z] [in.co.mpwin.rebilling.controller.invoicecontroller.InvoiceController] [http-nio-8081-exec-5] [181] [INFO ] viewInvoicePpwa() : return. invoiceBeanList of size : 1 
[2023-11-23 T 18:36:19 Z] [in.co.mpwin.rebilling.controller.invoicecontroller.InvoiceController] [http-nio-8081-exec-8] [58] [INFO ] generateInvoice() : called. with parameters investor: WI065, monthYear: Feb-2023
[2023-11-23 T 18:36:19 Z] [in.co.mpwin.rebilling.controller.invoicecontroller.InvoiceController] [http-nio-8081-exec-8] [71] [ERROR] generateInvoice() :  API Exception occurred: Investor WI065 invoice already generated for month Feb-2023 and invoice number is MPWZ-2023-WI065-002
[2023-11-23 T 18:39:24 Z] [in.co.mpwin.rebilling.controller.investormaster.InvestorMasterController] [http-nio-8081-exec-10] [85] [INFO ] getInvestorById() : called. with parameters id: 1
[2023-11-23 T 18:39:24 Z] [in.co.mpwin.rebilling.controller.investormaster.InvestorMasterController] [http-nio-8081-exec-10] [97] [INFO ] getInvestorById() : return. InvestorMasterBean investor: InvestorMasterBean(id=1, investorCode=WI057, investorName=DP Jwellers , cin=na, tin=na, gstNo=na, officeAddress=na, officeContactPerson=OFFICE REPRESENTATIVE, officeEmail=na, officeContactNo=na, siteAddress=vilage jetana bhatkhedi, siteContactPerson=Sudhir Pawar, siteEmail=sudhir.pawar@gwisl.co.in, siteContactNo=9111011832, vat=na, buyer=MPPKVVCL, fixedAdjust=0, bankName=na, accountHolderName=na, accountNo=0, ifscCode=na, micr=na, nldc=na, ppaLetterNo=05-01/146, particulars=Sale of 100% Net KWH generated from our 5 Nos. WEG (T-1, T-6, T-13, N-15, N-21) Located at 9 MW wind farm at Village Bagia, Naveli & Richa Devda Tahsil Piplauda, District Ratlam & delivered to your 132 KV Substation Jaora through Kalukheda Feeder , ppaDate=2013-01-30 00:00:00.0, ppaFreeUnit=null, createdBy=null, updatedBy=null, updatedOn=null, createdOn=null, status=active, remark=active, locationId=47, locationMaster=LocationMaster(id=47, regionCode=2, regionName=UJJAIN, circleCode=3521000, circleName=RATLAM (ONM), divisionCode=3524500, divisionName=JAORA (ONM), createdBy=Migration, updatedBy=null, updatedOn=null, createdOn=null, status=active, remark=active)) 
[2023-11-23 T 18:40:09 Z] [org.springframework.orm.jpa.AbstractEntityManagerFactoryBean] [SpringApplicationShutdownHook] [650] [INFO ] Closing JPA EntityManagerFactory for persistence unit 'default'
[2023-11-23 T 18:40:09 Z] [com.zaxxer.hikari.HikariDataSource] [SpringApplicationShutdownHook] [350] [INFO ] HikariPool-1 - Shutdown initiated...
[2023-11-23 T 18:40:09 Z] [com.zaxxer.hikari.HikariDataSource] [SpringApplicationShutdownHook] [352] [INFO ] HikariPool-1 - Shutdown completed.
[2023-11-23 T 18:40:20 Z] [org.hibernate.validator.internal.util.Version] [background-preinit] [21] [INFO ] HV000001: Hibernate Validator 8.0.0.Final
[2023-11-23 T 18:40:20 Z] [org.springframework.boot.StartupInfoLogger] [restartedMain] [51] [INFO ] Starting RebillingApplication using Java 17.0.6 with PID 16056 (C:\Users\HP\IdeaProjects\RE-Billing\target\classes started by HP in C:\Users\HP\IdeaProjects\RE-Billing)
[2023-11-23 T 18:40:20 Z] [org.springframework.boot.SpringApplication] [restartedMain] [634] [INFO ] No active profile set, falling back to 1 default profile: "default"
[2023-11-23 T 18:40:20 Z] [org.springframework.boot.logging.DeferredLog] [restartedMain] [250] [INFO ] Devtools property defaults active! Set 'spring.devtools.add-properties' to 'false' to disable
[2023-11-23 T 18:40:20 Z] [org.springframework.boot.logging.DeferredLog] [restartedMain] [250] [INFO ] For additional web related logging consider setting the 'logging.level.web' property to 'DEBUG'
[2023-11-23 T 18:40:22 Z] [org.springframework.data.repository.config.RepositoryConfigurationDelegate] [restartedMain] [138] [INFO ] Bootstrapping Spring Data JPA repositories in DEFAULT mode.
[2023-11-23 T 18:40:22 Z] [org.springframework.data.repository.config.RepositoryConfigurationDelegate] [restartedMain] [208] [INFO ] Finished Spring Data repository scanning in 367 ms. Found 26 JPA repository interfaces.
[2023-11-23 T 18:40:24 Z] [org.springframework.boot.web.embedded.tomcat.TomcatWebServer] [restartedMain] [108] [INFO ] Tomcat initialized with port(s): 8081 (http)
[2023-11-23 T 18:40:24 Z] [org.apache.juli.logging.DirectJDKLog] [restartedMain] [173] [INFO ] Initializing ProtocolHandler ["http-nio-8081"]
[2023-11-23 T 18:40:24 Z] [org.apache.juli.logging.DirectJDKLog] [restartedMain] [173] [INFO ] Starting service [Tomcat]
[2023-11-23 T 18:40:24 Z] [org.apache.juli.logging.DirectJDKLog] [restartedMain] [173] [INFO ] Starting Servlet engine: [Apache Tomcat/10.1.10]
[2023-11-23 T 18:40:24 Z] [org.apache.juli.logging.DirectJDKLog] [restartedMain] [173] [INFO ] Initializing Spring embedded WebApplicationContext
[2023-11-23 T 18:40:24 Z] [org.springframework.boot.web.servlet.context.ServletWebServerApplicationContext] [restartedMain] [291] [INFO ] Root WebApplicationContext: initialization completed in 4398 ms
[2023-11-23 T 18:40:25 Z] [org.hibernate.jpa.internal.util.LogHelper] [restartedMain] [31] [INFO ] HHH000204: Processing PersistenceUnitInfo [name: default]
[2023-11-23 T 18:40:25 Z] [org.hibernate.Version] [restartedMain] [44] [INFO ] HHH000412: Hibernate ORM core version 6.2.5.Final
[2023-11-23 T 18:40:25 Z] [org.hibernate.cfg.Environment] [restartedMain] [191] [INFO ] HHH000406: Using bytecode reflection optimizer
[2023-11-23 T 18:40:25 Z] [org.hibernate.bytecode.internal.BytecodeProviderInitiator] [restartedMain] [53] [INFO ] HHH000021: Bytecode provider name : bytebuddy
[2023-11-23 T 18:40:25 Z] [org.springframework.orm.jpa.persistenceunit.SpringPersistenceUnitInfo] [restartedMain] [87] [INFO ] No LoadTimeWeaver setup: ignoring JPA class transformer
[2023-11-23 T 18:40:25 Z] [com.zaxxer.hikari.HikariDataSource] [restartedMain] [110] [INFO ] HikariPool-1 - Starting...
[2023-11-23 T 18:40:26 Z] [com.zaxxer.hikari.pool.HikariPool] [restartedMain] [565] [INFO ] HikariPool-1 - Added connection org.postgresql.jdbc.PgConnection@b50c2ca
[2023-11-23 T 18:40:26 Z] [com.zaxxer.hikari.HikariDataSource] [restartedMain] [123] [INFO ] HikariPool-1 - Start completed.
[2023-11-23 T 18:40:27 Z] [org.hibernate.bytecode.internal.BytecodeProviderInitiator] [restartedMain] [53] [INFO ] HHH000021: Bytecode provider name : bytebuddy
[2023-11-23 T 18:40:30 Z] [org.hibernate.engine.transaction.jta.platform.internal.JtaPlatformInitiator] [restartedMain] [51] [INFO ] HHH000490: Using JtaPlatform implementation: [org.hibernate.engine.transaction.jta.platform.internal.NoJtaPlatform]
[2023-11-23 T 18:40:30 Z] [org.springframework.orm.jpa.AbstractEntityManagerFactoryBean] [restartedMain] [437] [INFO ] Initialized JPA EntityManagerFactory for persistence unit 'default'
[2023-11-23 T 18:40:31 Z] [org.springframework.data.jpa.repository.query.QueryEnhancerFactory] [restartedMain] [47] [INFO ] Hibernate is in classpath; If applicable, HQL parser will be used.
[2023-11-23 T 18:40:33 Z] [org.springframework.boot.autoconfigure.orm.jpa.JpaBaseConfiguration$JpaWebConfiguration] [restartedMain] [231] [WARN ] spring.jpa.open-in-view is enabled by default. Therefore, database queries may be performed during view rendering. Explicitly configure spring.jpa.open-in-view to disable this warning
[2023-11-23 T 18:40:34 Z] [org.springframework.security.web.DefaultSecurityFilterChain] [restartedMain] [54] [INFO ] Will secure any request with [org.springframework.security.web.session.DisableEncodeUrlFilter@8f32a8, org.springframework.security.web.context.request.async.WebAsyncManagerIntegrationFilter@2aab40f8, org.springframework.security.web.context.SecurityContextHolderFilter@4390426c, org.springframework.security.web.header.HeaderWriterFilter@3f6caa9b, org.springframework.security.web.authentication.logout.LogoutFilter@15f29a7e, in.co.mpwin.rebilling.jwt.security.JwtAuthenticationFilter@4ceab87c, org.springframework.security.web.savedrequest.RequestCacheAwareFilter@431f2cf6, org.springframework.security.web.servletapi.SecurityContextHolderAwareRequestFilter@627b549a, org.springframework.security.web.authentication.AnonymousAuthenticationFilter@249dba00, org.springframework.security.web.session.SessionManagementFilter@18e7be49, org.springframework.security.web.access.ExceptionTranslationFilter@76f0fbfd, org.springframework.security.web.access.intercept.AuthorizationFilter@56af943d]
[2023-11-23 T 18:40:34 Z] [org.springframework.boot.devtools.autoconfigure.OptionalLiveReloadServer] [restartedMain] [59] [INFO ] LiveReload server is running on port 35729
[2023-11-23 T 18:40:34 Z] [org.apache.juli.logging.DirectJDKLog] [restartedMain] [173] [INFO ] Starting ProtocolHandler ["http-nio-8081"]
[2023-11-23 T 18:40:34 Z] [org.springframework.boot.web.embedded.tomcat.TomcatWebServer] [restartedMain] [220] [INFO ] Tomcat started on port(s): 8081 (http) with context path '/rebilling'
[2023-11-23 T 18:40:34 Z] [org.springframework.boot.StartupInfoLogger] [restartedMain] [57] [INFO ] Started RebillingApplication in 15.524 seconds (process running for 16.918)
[2023-11-23 T 18:40:34 Z] [in.co.mpwin.rebilling.RebillingApplication] [restartedMain] [29] [INFO ] Project REBilling have been started
[2023-11-23 T 18:40:39 Z] [org.apache.juli.logging.DirectJDKLog] [http-nio-8081-exec-1] [173] [INFO ] Initializing Spring DispatcherServlet 'dispatcherServlet'
[2023-11-23 T 18:40:39 Z] [org.springframework.web.servlet.FrameworkServlet] [http-nio-8081-exec-1] [532] [INFO ] Initializing Servlet 'dispatcherServlet'
[2023-11-23 T 18:40:39 Z] [org.springframework.web.servlet.FrameworkServlet] [http-nio-8081-exec-1] [554] [INFO ] Completed initialization in 2 ms
[2023-11-23 T 18:40:40 Z] [in.co.mpwin.rebilling.controller.investormaster.InvestorMasterController] [http-nio-8081-exec-1] [85] [INFO ] getInvestorById() : called. with parameters id: 1
[2023-11-23 T 18:40:40 Z] [in.co.mpwin.rebilling.controller.investormaster.InvestorMasterController] [http-nio-8081-exec-1] [97] [INFO ] getInvestorById() : return. InvestorMasterBean investor: InvestorMasterBean(id=1, investorCode=WI057, investorName=DP Jwellers , cin=na, tin=na, gstNo=na, officeAddress=na, officeContactPerson=OFFICE REPRESENTATIVE, officeEmail=na, officeContactNo=na, siteAddress=vilage jetana bhatkhedi, siteContactPerson=Sudhir Pawar, siteEmail=sudhir.pawar@gwisl.co.in, siteContactNo=9111011832, vat=na, buyer=MPPKVVCL, fixedAdjust=0, bankName=na, accountHolderName=na, accountNo=0, ifscCode=na, micr=na, nldc=na, ppaLetterNo=05-01/146, particulars=Sale of 100% Net KWH generated from our 5 Nos. WEG (T-1, T-6, T-13, N-15, N-21) Located at 9 MW wind farm at Village Bagia, Naveli & Richa Devda Tahsil Piplauda, District Ratlam & delivered to your 132 KV Substation Jaora through Kalukheda Feeder , ppaDate=2013-01-30 00:00:00.0, ppaFreeUnit=null, createdBy=null, updatedBy=null, updatedOn=null, createdOn=null, status=active, remark=active, locationId=47, locationMaster=LocationMaster(id=47, regionCode=2, regionName=UJJAIN, circleCode=3521000, circleName=RATLAM (ONM), divisionCode=3524500, divisionName=JAORA (ONM), createdBy=Migration, updatedBy=null, updatedOn=null, createdOn=null, status=active, remark=active)) 
[2023-11-23 T 18:41:12 Z] [in.co.mpwin.rebilling.controller.investormaster.InvestorMasterController] [http-nio-8081-exec-3] [85] [INFO ] getInvestorById() : called. with parameters id: 1
[2023-11-23 T 18:41:12 Z] [in.co.mpwin.rebilling.controller.investormaster.InvestorMasterController] [http-nio-8081-exec-3] [97] [INFO ] getInvestorById() : return. InvestorMasterBean investor: InvestorMasterBean(id=1, investorCode=WI057, investorName=DP Jwellers , cin=na, tin=na, gstNo=na, officeAddress=na, officeContactPerson=OFFICE REPRESENTATIVE, officeEmail=na, officeContactNo=na, siteAddress=vilage jetana bhatkhedi, siteContactPerson=Sudhir Pawar, siteEmail=sudhir.pawar@gwisl.co.in, siteContactNo=9111011832, vat=na, buyer=MPPKVVCL, fixedAdjust=0, bankName=na, accountHolderName=na, accountNo=0, ifscCode=na, micr=na, nldc=na, ppaLetterNo=05-01/146, particulars=Sale of 100% Net KWH generated from our 5 Nos. WEG (T-1, T-6, T-13, N-15, N-21) Located at 9 MW wind farm at Village Bagia, Naveli & Richa Devda Tahsil Piplauda, District Ratlam & delivered to your 132 KV Substation Jaora through Kalukheda Feeder , ppaDate=2013-01-30 00:00:00.0, ppaFreeUnit=null, createdBy=null, updatedBy=null, updatedOn=null, createdOn=null, status=active, remark=active, locationId=47, locationMaster=LocationMaster(id=47, regionCode=2, regionName=UJJAIN, circleCode=3521000, circleName=RATLAM (ONM), divisionCode=3524500, divisionName=JAORA (ONM), createdBy=Migration, updatedBy=null, updatedOn=null, createdOn=null, status=active, remark=active)) 
[2023-11-23 T 18:42:17 Z] [org.springframework.orm.jpa.AbstractEntityManagerFactoryBean] [SpringApplicationShutdownHook] [650] [INFO ] Closing JPA EntityManagerFactory for persistence unit 'default'
[2023-11-23 T 18:42:17 Z] [com.zaxxer.hikari.HikariDataSource] [SpringApplicationShutdownHook] [350] [INFO ] HikariPool-1 - Shutdown initiated...
[2023-11-23 T 18:42:17 Z] [com.zaxxer.hikari.HikariDataSource] [SpringApplicationShutdownHook] [352] [INFO ] HikariPool-1 - Shutdown completed.
[2023-11-23 T 18:42:27 Z] [org.hibernate.validator.internal.util.Version] [background-preinit] [21] [INFO ] HV000001: Hibernate Validator 8.0.0.Final
[2023-11-23 T 18:42:27 Z] [org.springframework.boot.StartupInfoLogger] [restartedMain] [51] [INFO ] Starting RebillingApplication using Java 17.0.6 with PID 18452 (C:\Users\HP\IdeaProjects\RE-Billing\target\classes started by HP in C:\Users\HP\IdeaProjects\RE-Billing)
[2023-11-23 T 18:42:27 Z] [org.springframework.boot.SpringApplication] [restartedMain] [634] [INFO ] No active profile set, falling back to 1 default profile: "default"
[2023-11-23 T 18:42:27 Z] [org.springframework.boot.logging.DeferredLog] [restartedMain] [250] [INFO ] Devtools property defaults active! Set 'spring.devtools.add-properties' to 'false' to disable
[2023-11-23 T 18:42:27 Z] [org.springframework.boot.logging.DeferredLog] [restartedMain] [250] [INFO ] For additional web related logging consider setting the 'logging.level.web' property to 'DEBUG'
[2023-11-23 T 18:42:29 Z] [org.springframework.data.repository.config.RepositoryConfigurationDelegate] [restartedMain] [138] [INFO ] Bootstrapping Spring Data JPA repositories in DEFAULT mode.
[2023-11-23 T 18:42:29 Z] [org.springframework.data.repository.config.RepositoryConfigurationDelegate] [restartedMain] [208] [INFO ] Finished Spring Data repository scanning in 348 ms. Found 26 JPA repository interfaces.
[2023-11-23 T 18:42:32 Z] [org.springframework.boot.web.embedded.tomcat.TomcatWebServer] [restartedMain] [108] [INFO ] Tomcat initialized with port(s): 8081 (http)
[2023-11-23 T 18:42:32 Z] [org.apache.juli.logging.DirectJDKLog] [restartedMain] [173] [INFO ] Initializing ProtocolHandler ["http-nio-8081"]
[2023-11-23 T 18:42:32 Z] [org.apache.juli.logging.DirectJDKLog] [restartedMain] [173] [INFO ] Starting service [Tomcat]
[2023-11-23 T 18:42:32 Z] [org.apache.juli.logging.DirectJDKLog] [restartedMain] [173] [INFO ] Starting Servlet engine: [Apache Tomcat/10.1.10]
[2023-11-23 T 18:42:32 Z] [org.apache.juli.logging.DirectJDKLog] [restartedMain] [173] [INFO ] Initializing Spring embedded WebApplicationContext
[2023-11-23 T 18:42:32 Z] [org.springframework.boot.web.servlet.context.ServletWebServerApplicationContext] [restartedMain] [291] [INFO ] Root WebApplicationContext: initialization completed in 4784 ms
[2023-11-23 T 18:42:32 Z] [org.hibernate.jpa.internal.util.LogHelper] [restartedMain] [31] [INFO ] HHH000204: Processing PersistenceUnitInfo [name: default]
[2023-11-23 T 18:42:32 Z] [org.hibernate.Version] [restartedMain] [44] [INFO ] HHH000412: Hibernate ORM core version 6.2.5.Final
[2023-11-23 T 18:42:32 Z] [org.hibernate.cfg.Environment] [restartedMain] [191] [INFO ] HHH000406: Using bytecode reflection optimizer
[2023-11-23 T 18:42:33 Z] [org.hibernate.bytecode.internal.BytecodeProviderInitiator] [restartedMain] [53] [INFO ] HHH000021: Bytecode provider name : bytebuddy
[2023-11-23 T 18:42:33 Z] [org.springframework.orm.jpa.persistenceunit.SpringPersistenceUnitInfo] [restartedMain] [87] [INFO ] No LoadTimeWeaver setup: ignoring JPA class transformer
[2023-11-23 T 18:42:33 Z] [com.zaxxer.hikari.HikariDataSource] [restartedMain] [110] [INFO ] HikariPool-1 - Starting...
[2023-11-23 T 18:42:34 Z] [com.zaxxer.hikari.pool.HikariPool] [restartedMain] [565] [INFO ] HikariPool-1 - Added connection org.postgresql.jdbc.PgConnection@6dbba387
[2023-11-23 T 18:42:34 Z] [com.zaxxer.hikari.HikariDataSource] [restartedMain] [123] [INFO ] HikariPool-1 - Start completed.
[2023-11-23 T 18:42:35 Z] [org.hibernate.bytecode.internal.BytecodeProviderInitiator] [restartedMain] [53] [INFO ] HHH000021: Bytecode provider name : bytebuddy
[2023-11-23 T 18:42:38 Z] [org.hibernate.engine.transaction.jta.platform.internal.JtaPlatformInitiator] [restartedMain] [51] [INFO ] HHH000490: Using JtaPlatform implementation: [org.hibernate.engine.transaction.jta.platform.internal.NoJtaPlatform]
[2023-11-23 T 18:42:38 Z] [org.springframework.orm.jpa.AbstractEntityManagerFactoryBean] [restartedMain] [437] [INFO ] Initialized JPA EntityManagerFactory for persistence unit 'default'
[2023-11-23 T 18:42:38 Z] [org.springframework.data.jpa.repository.query.QueryEnhancerFactory] [restartedMain] [47] [INFO ] Hibernate is in classpath; If applicable, HQL parser will be used.
[2023-11-23 T 18:42:41 Z] [org.springframework.boot.autoconfigure.orm.jpa.JpaBaseConfiguration$JpaWebConfiguration] [restartedMain] [231] [WARN ] spring.jpa.open-in-view is enabled by default. Therefore, database queries may be performed during view rendering. Explicitly configure spring.jpa.open-in-view to disable this warning
[2023-11-23 T 18:42:42 Z] [org.springframework.security.web.DefaultSecurityFilterChain] [restartedMain] [54] [INFO ] Will secure any request with [org.springframework.security.web.session.DisableEncodeUrlFilter@30be7c13, org.springframework.security.web.context.request.async.WebAsyncManagerIntegrationFilter@1e2e3adb, org.springframework.security.web.context.SecurityContextHolderFilter@2f0d5c8b, org.springframework.security.web.header.HeaderWriterFilter@11e7e05f, org.springframework.security.web.authentication.logout.LogoutFilter@4eda0efa, in.co.mpwin.rebilling.jwt.security.JwtAuthenticationFilter@74e72c63, org.springframework.security.web.savedrequest.RequestCacheAwareFilter@c4ac794, org.springframework.security.web.servletapi.SecurityContextHolderAwareRequestFilter@18a4e2bf, org.springframework.security.web.authentication.AnonymousAuthenticationFilter@44d1fc63, org.springframework.security.web.session.SessionManagementFilter@27909761, org.springframework.security.web.access.ExceptionTranslationFilter@7a13fa32, org.springframework.security.web.access.intercept.AuthorizationFilter@758b76a1]
[2023-11-23 T 18:42:42 Z] [org.springframework.boot.devtools.autoconfigure.OptionalLiveReloadServer] [restartedMain] [59] [INFO ] LiveReload server is running on port 35729
[2023-11-23 T 18:42:42 Z] [org.apache.juli.logging.DirectJDKLog] [restartedMain] [173] [INFO ] Starting ProtocolHandler ["http-nio-8081"]
[2023-11-23 T 18:42:42 Z] [org.springframework.boot.web.embedded.tomcat.TomcatWebServer] [restartedMain] [220] [INFO ] Tomcat started on port(s): 8081 (http) with context path '/rebilling'
[2023-11-23 T 18:42:42 Z] [org.springframework.boot.StartupInfoLogger] [restartedMain] [57] [INFO ] Started RebillingApplication in 16.431 seconds (process running for 17.735)
[2023-11-23 T 18:42:42 Z] [in.co.mpwin.rebilling.RebillingApplication] [restartedMain] [29] [INFO ] Project REBilling have been started
