[2023-11-24 T 18:14:51 Z] [org.hibernate.validator.internal.util.Version] [background-preinit] [21] [INFO ] HV000001: Hibernate Validator 8.0.0.Final
[2023-11-24 T 18:14:51 Z] [org.springframework.boot.StartupInfoLogger] [restartedMain] [51] [INFO ] Starting RebillingApplication using Java 18.0.2 with PID 8148 (D:\Re-Billing-V2\target\classes started by Dell in D:\Re-Billing-V2)
[2023-11-24 T 18:14:51 Z] [org.springframework.boot.SpringApplication] [restartedMain] [634] [INFO ] No active profile set, falling back to 1 default profile: "default"
[2023-11-24 T 18:14:52 Z] [org.springframework.boot.logging.DeferredLog] [restartedMain] [250] [INFO ] Devtools property defaults active! Set 'spring.devtools.add-properties' to 'false' to disable
[2023-11-24 T 18:14:52 Z] [org.springframework.boot.logging.DeferredLog] [restartedMain] [250] [INFO ] For additional web related logging consider setting the 'logging.level.web' property to 'DEBUG'
[2023-11-24 T 18:14:55 Z] [org.springframework.data.repository.config.RepositoryConfigurationDelegate] [restartedMain] [138] [INFO ] Bootstrapping Spring Data JPA repositories in DEFAULT mode.
[2023-11-24 T 18:14:55 Z] [org.springframework.data.repository.config.RepositoryConfigurationDelegate] [restartedMain] [208] [INFO ] Finished Spring Data repository scanning in 253 ms. Found 26 JPA repository interfaces.
[2023-11-24 T 18:14:58 Z] [org.springframework.boot.web.embedded.tomcat.TomcatWebServer] [restartedMain] [108] [INFO ] Tomcat initialized with port(s): 8081 (http)
[2023-11-24 T 18:14:58 Z] [org.apache.juli.logging.DirectJDKLog] [restartedMain] [173] [INFO ] Initializing ProtocolHandler ["http-nio-8081"]
[2023-11-24 T 18:14:58 Z] [org.apache.juli.logging.DirectJDKLog] [restartedMain] [173] [INFO ] Starting service [Tomcat]
[2023-11-24 T 18:14:58 Z] [org.apache.juli.logging.DirectJDKLog] [restartedMain] [173] [INFO ] Starting Servlet engine: [Apache Tomcat/10.1.10]
[2023-11-24 T 18:14:58 Z] [org.apache.juli.logging.DirectJDKLog] [restartedMain] [173] [INFO ] Initializing Spring embedded WebApplicationContext
[2023-11-24 T 18:14:58 Z] [org.springframework.boot.web.servlet.context.ServletWebServerApplicationContext] [restartedMain] [291] [INFO ] Root WebApplicationContext: initialization completed in 6632 ms
[2023-11-24 T 18:14:59 Z] [org.hibernate.jpa.internal.util.LogHelper] [restartedMain] [31] [INFO ] HHH000204: Processing PersistenceUnitInfo [name: default]
[2023-11-24 T 18:14:59 Z] [org.hibernate.Version] [restartedMain] [44] [INFO ] HHH000412: Hibernate ORM core version 6.2.5.Final
[2023-11-24 T 18:14:59 Z] [org.hibernate.cfg.Environment] [restartedMain] [191] [INFO ] HHH000406: Using bytecode reflection optimizer
[2023-11-24 T 18:14:59 Z] [org.hibernate.bytecode.internal.BytecodeProviderInitiator] [restartedMain] [53] [INFO ] HHH000021: Bytecode provider name : bytebuddy
[2023-11-24 T 18:15:00 Z] [org.springframework.orm.jpa.persistenceunit.SpringPersistenceUnitInfo] [restartedMain] [87] [INFO ] No LoadTimeWeaver setup: ignoring JPA class transformer
[2023-11-24 T 18:15:00 Z] [com.zaxxer.hikari.HikariDataSource] [restartedMain] [110] [INFO ] HikariPool-1 - Starting...
[2023-11-24 T 18:15:00 Z] [com.zaxxer.hikari.pool.HikariPool] [restartedMain] [565] [INFO ] HikariPool-1 - Added connection org.postgresql.jdbc.PgConnection@10d04418
[2023-11-24 T 18:15:00 Z] [com.zaxxer.hikari.HikariDataSource] [restartedMain] [123] [INFO ] HikariPool-1 - Start completed.
[2023-11-24 T 18:15:01 Z] [org.hibernate.bytecode.internal.BytecodeProviderInitiator] [restartedMain] [53] [INFO ] HHH000021: Bytecode provider name : bytebuddy
[2023-11-24 T 18:15:04 Z] [org.hibernate.engine.transaction.jta.platform.internal.JtaPlatformInitiator] [restartedMain] [51] [INFO ] HHH000490: Using JtaPlatform implementation: [org.hibernate.engine.transaction.jta.platform.internal.NoJtaPlatform]
[2023-11-24 T 18:15:04 Z] [org.springframework.orm.jpa.AbstractEntityManagerFactoryBean] [restartedMain] [437] [INFO ] Initialized JPA EntityManagerFactory for persistence unit 'default'
[2023-11-24 T 18:15:05 Z] [org.springframework.data.jpa.repository.query.QueryEnhancerFactory] [restartedMain] [47] [INFO ] Hibernate is in classpath; If applicable, HQL parser will be used.
[2023-11-24 T 18:15:07 Z] [org.springframework.boot.autoconfigure.orm.jpa.JpaBaseConfiguration$JpaWebConfiguration] [restartedMain] [231] [WARN ] spring.jpa.open-in-view is enabled by default. Therefore, database queries may be performed during view rendering. Explicitly configure spring.jpa.open-in-view to disable this warning
[2023-11-24 T 18:15:07 Z] [org.springframework.security.web.DefaultSecurityFilterChain] [restartedMain] [54] [INFO ] Will secure any request with [org.springframework.security.web.session.DisableEncodeUrlFilter@7e62e2c7, org.springframework.security.web.context.request.async.WebAsyncManagerIntegrationFilter@464b324f, org.springframework.security.web.context.SecurityContextHolderFilter@647a4e34, org.springframework.security.web.header.HeaderWriterFilter@1a54f9b5, org.springframework.security.web.authentication.logout.LogoutFilter@1c3d3fd9, in.co.mpwin.rebilling.jwt.security.JwtAuthenticationFilter@7f2d49e8, org.springframework.security.web.savedrequest.RequestCacheAwareFilter@5fc83c3, org.springframework.security.web.servletapi.SecurityContextHolderAwareRequestFilter@1f482bfd, org.springframework.security.web.authentication.AnonymousAuthenticationFilter@295e6fb8, org.springframework.security.web.session.SessionManagementFilter@561ad118, org.springframework.security.web.access.ExceptionTranslationFilter@25b5446d, org.springframework.security.web.access.intercept.AuthorizationFilter@14e59e8a]
[2023-11-24 T 18:15:08 Z] [org.springframework.boot.devtools.autoconfigure.OptionalLiveReloadServer] [restartedMain] [59] [INFO ] LiveReload server is running on port 35729
[2023-11-24 T 18:15:08 Z] [org.apache.juli.logging.DirectJDKLog] [restartedMain] [173] [INFO ] Starting ProtocolHandler ["http-nio-8081"]
[2023-11-24 T 18:15:08 Z] [org.springframework.boot.web.embedded.tomcat.TomcatWebServer] [restartedMain] [220] [INFO ] Tomcat started on port(s): 8081 (http) with context path '/rebilling'
[2023-11-24 T 18:15:08 Z] [org.springframework.boot.StartupInfoLogger] [restartedMain] [57] [INFO ] Started RebillingApplication in 17.5 seconds (process running for 21.362)
[2023-11-24 T 18:15:08 Z] [in.co.mpwin.rebilling.RebillingApplication] [restartedMain] [29] [INFO ] Project REBilling have been started
